0 info it worked if it ends with ok
1 verbose cli [ 'C:\\Program Files\\nodejs\\node.exe',
1 verbose cli   'C:\\Program Files\\nodejs\\node_modules\\npm\\bin\\npm-cli.js',
1 verbose cli   'start' ]
2 info using npm@3.10.10
3 info using node@v6.9.5
4 verbose run-script [ 'prestart', 'start', 'poststart' ]
5 info lifecycle react-playlist-lesson-1@1.0.0~prestart: react-playlist-lesson-1@1.0.0
6 silly lifecycle react-playlist-lesson-1@1.0.0~prestart: no script for prestart, continuing
7 info lifecycle react-playlist-lesson-1@1.0.0~start: react-playlist-lesson-1@1.0.0
8 verbose lifecycle react-playlist-lesson-1@1.0.0~start: unsafe-perm in lifecycle true
9 verbose lifecycle react-playlist-lesson-1@1.0.0~start: PATH: C:\Program Files\nodejs\node_modules\npm\bin\node-gyp-bin;C:\ReactJS-Learnings\node_modules\.bin;C:\ProgramData\Oracle\Java\javapath;C:\WINDOWS\system32;C:\WINDOWS;C:\WINDOWS\System32\Wbem;C:\WINDOWS\System32\WindowsPowerShell\v1.0\;C:\Program Files\Microsoft SQL Server\130\Tools\Binn\;C:\Program Files (x86)\Skype\Phone\;C:\Program Files\Java\jdk1.8.0_91\bin;C:\Program Files\Microsoft\Web Platform Installer\;C:\Program Files\Microsoft SQL Server\Client SDK\ODBC\110\Tools\Binn\;C:\Program Files (x86)\Microsoft SQL Server\120\Tools\Binn\;C:\Program Files\Microsoft SQL Server\120\Tools\Binn\;C:\Program Files\Microsoft SQL Server\120\DTS\Binn\;C:\Program Files (x86)\Microsoft SQL Server\120\Tools\Binn\ManagementStudio\;C:\Program Files (x86)\Microsoft SQL Server\120\DTS\Binn\;C:\Program Files\Git\cmd;C:\Strawberry\c\bin;C:\Strawberry\perl\site\bin;C:\Strawberry\perl\bin;C:\Program Files\Microsoft SQL Server\110\Tools\Binn\;C:\WINDOWS\system32\config\systemprofile\.dnx\bin;C:\Program Files\Microsoft DNX\Dnvm\;C:\wamp64\bin\php\php5.6.25;C:\ProgramData\ComposerSetup\bin;C:\Users\Sai Kovuri\Documents\cmder\bin\;C:\Program Files\nodejs\;C:\Program Files\Intel\WiFi\bin\;C:\Program Files\Common Files\Intel\WirelessCommon\;C:\Masters\2ndsem\MachineLearning\DNSS1.0\programs\blast-2.2.25+\bin;C:\Masters\2ndsem\MachineLearning\DNSS1.0\programs\bin;C:\Program Files\NCBI\blast-2.2.25+\bin;C:\Users\Sai Kovuri\Anaconda2;C:\Users\Sai Kovuri\Anaconda2\Scripts;C:\Users\Sai Kovuri\Anaconda2\Library\bin;C:\Windows\System32;C:\Users\Sai Kovuri\AppData\Local\Microsoft\WindowsApps;C:\Users\Sai Kovuri\AppData\Local\atom\bin;C:\Users\Sai Kovuri\AppData\Roaming\Composer\vendor\bin;C:\Users\Sai Kovuri\AppData\Local\.meteor\;C:\Program Files\MongoDB\Server\3.4\bin;C:\Users\Sai Kovuri\AppData\Roaming\npm
10 verbose lifecycle react-playlist-lesson-1@1.0.0~start: CWD: C:\ReactJS-Learnings
11 silly lifecycle react-playlist-lesson-1@1.0.0~start: Args: [ '/d /s /c', 'npm run build' ]
12 verbose stack Error: kill ENOSYS
12 verbose stack     at exports._errnoException (util.js:1022:11)
12 verbose stack     at process.kill (internal/process.js:172:13)
12 verbose stack     at process.listener (C:\Program Files\nodejs\node_modules\npm\node_modules\npmlog\node_modules\gauge\node_modules\signal-exit\index.js:86:15)
12 verbose stack     at emitNone (events.js:91:20)
12 verbose stack     at process.emit (events.js:185:7)
12 verbose stack     at processEmit (C:\Program Files\nodejs\node_modules\npm\node_modules\npmlog\node_modules\gauge\node_modules\signal-exit\index.js:146:32)
12 verbose stack     at processEmit (C:\Program Files\nodejs\node_modules\npm\node_modules\npm-registry-client\node_modules\npmlog\node_modules\gauge\node_modules\signal-exit\index.js:146:32)
12 verbose stack     at Signal.wrap.onsignal (internal/process.js:199:44)
13 verbose cwd C:\ReactJS-Learnings
14 error Windows_NT 10.0.14393
15 error argv "C:\\Program Files\\nodejs\\node.exe" "C:\\Program Files\\nodejs\\node_modules\\npm\\bin\\npm-cli.js" "start"
16 error node v6.9.5
17 error npm  v3.10.10
18 error code ENOSYS
19 error errno ENOSYS
20 error syscall kill
21 error kill ENOSYS
22 error If you need help, you may report this error at:
22 error     <https://github.com/npm/npm/issues>
23 verbose exit [ 1, true ]
